********************************************************************************
PACKAGE-LOG: 2014-02-02 21:12:53
NOTICE: Do NOT post to public sites or forums 
********************************************************************************
VERSION:	0.5.1
WORDPRESS:	3.8.1
PHP INFO:	5.4.17 | SAPI: apache2handler
SERVER:		Apache/2.2.24 (Unix) DAV/2 PHP/5.4.17 mod_ssl/2.2.24 OpenSSL/0.9.8y 
PHP TIME LIMIT: (0) no time limit imposed 
PHP MAX MEMORY: 5000M (512M default) 

********************************************************************************
DATABASE:
********************************************************************************
BUILD MODE:   PHP
MYSQLDUMP:    Is Supported
MYSQLTIMEOUT: 5000 
TABLES: total:12 | filtered:0 | create:12 
FILTERED: [] 
wp_commentmeta (0) 
wp_comments (1) 
wp_duplicator_packages (1) 
wp_links (0) 
wp_options (136) 
wp_postmeta (114) 
wp_posts (71) 
wp_term_relationships (5) 
wp_term_taxonomy (2) 
wp_terms (2) 
wp_usermeta (21) 
wp_users (1) 
SQL CREATED: 20140202_americadecoded_52eeb4d5829746227140202211253_database.sql 
SQL FILE SIZE: 496.6KB 
SQL RUNTIME: 0.05 sec. 

******************************************************************************** 
ARCHIVE (ZIP): 
******************************************************************************** 
ARCHIVE DIR:  /Users/krues8dr/Sites/americadecoded.localhost/http 
ARCHIVE FILE: 20140202_americadecoded_52eeb4d5829746227140202211253_archive.zip 
FILTER DIRS:   
FILTER EXTS:   
---------------------------------------- 
SCANNING 
FILTERS *OFF* 
STATS:	Dirs 194 | Files 1653 | Links 0 
SIZE:	23.47MB 
TIME:	0.08 sec. 
---------------------------------------- 
COMPRESSING 
SQL ADDED: 20140202_americadecoded_52eeb4d5829746227140202211253_database.sql 
ZipArchive Object
(
    [status] => 0
    [statusSys] => 0
    [numFiles] => 1848
    [filename] => /Users/krues8dr/Sites/americadecoded.localhost/http/wp-snapshots/tmp/20140202_americadecoded_52eeb4d5829746227140202211253_archive.zip
    [comment] => 
)
 
COMPRESSION RESULT: '1' 
COMPRESSED SIZE: 9.44MB 
ARCHIVE RUNTIME: 4.75 sec. 

******************************************************************************** 
INSTALLER: 
******************************************************************************** 
INSTALLER FILE: Build Start 
INSTALLER FILE: Build Finished 
INSTALLER FILE: Preping for use 
INSTALLER FILE: Template parsed with new data 
INSTALLER FILE: Complete [/Users/krues8dr/Sites/americadecoded.localhost/http/wp-snapshots/tmp/20140202_americadecoded_52eeb4d5829746227140202211253_installer.php] 

********************************************************************************
RECORD ID:[1]
FILE SIZE: Archive:9.44MB | SQL:496.6KB | Installer:428.49KB
TOTAL PROCESS RUNTIME: 5.06 sec.
DONE PROCESSING => 20140202_americadecoded 2014-02-02 21:12:58
********************************************************************************
 
